=/pretest.json
{
  _: [],
  f: [
    '/home/danny-vader/Desktop/virtual-labs/2023-winter-intern/exp-transformations-scaling-iiith/experiment/pretest.json'
  ],
  files: [
    '/home/danny-vader/Desktop/virtual-labs/2023-winter-intern/exp-transformations-scaling-iiith/experiment/pretest.json'
  ],
  c: 'assessment',
  contentTypes: 'assessment',
  'content-types': 'assessment',
  '$0': 'validate'
}
Validated true
=/posttest.json
{
  _: [],
  f: [
    '/home/danny-vader/Desktop/virtual-labs/2023-winter-intern/exp-transformations-scaling-iiith/experiment/posttest.json'
  ],
  files: [
    '/home/danny-vader/Desktop/virtual-labs/2023-winter-intern/exp-transformations-scaling-iiith/experiment/posttest.json'
  ],
  c: 'assessment',
  contentTypes: 'assessment',
  'content-types': 'assessment',
  '$0': 'validate'
}
Validated true
